2014-05-26 18:51:43 - PHP Notice:  Use of undefined constant HTTP_IMAGE - assumed 'HTTP_IMAGE' in E:\OpenServer\domains\shop.lyavik.com.ua\admin\controller\common\filemanagerfix.php on line 34
2014-06-03 16:47:27 - PHP Notice:  Undefined variable: product_info in E:\OpenServer\domains\shop.mtc-elektro.com.ua\vqmod\vqcache\vq2-admin_controller_catalog_product.php on line 1112
2014-06-03 17:06:24 - PHP Notice:  Error: Table 'oc_mtc-elektro.oc_category_option' doesn't exist<br />Error No: 1146<br />SELECT * FROM `oc_category_option` co LEFT JOIN `oc_category_option_description` cod ON (co.option_id = cod.option_id) WHERE cod.language_id = '1' ORDER BY sort_order in E:\OpenServer\domains\shop.mtc-elektro.com.ua\system\database\mysql.php on line 50
2014-06-03 17:08:08 - PHP Notice:  Error: Table 'oc_mtc-elektro.oc_category_option' doesn't exist<br />Error No: 1146<br />SELECT * FROM `oc_category_option` co LEFT JOIN `oc_category_option_description` cod ON (co.option_id = cod.option_id) WHERE cod.language_id = '1' ORDER BY sort_order in E:\OpenServer\domains\shop.mtc-elektro.com.ua\system\database\mysql.php on line 50
2014-06-03 17:09:47 - PHP Notice:  Undefined variable: column_name in E:\OpenServer\domains\shop.mtc-elektro.com.ua\admin\view\template\catalog\filter_list.tpl on line 36
2014-06-03 17:09:47 - PHP Notice:  Undefined variable: column_type in E:\OpenServer\domains\shop.mtc-elektro.com.ua\admin\view\template\catalog\filter_list.tpl on line 37
2014-06-03 17:09:47 - PHP Notice:  Undefined variable: column_style in E:\OpenServer\domains\shop.mtc-elektro.com.ua\admin\view\template\catalog\filter_list.tpl on line 38
2014-06-03 17:09:47 - PHP Notice:  Undefined variable: column_filter_groups in E:\OpenServer\domains\shop.mtc-elektro.com.ua\admin\view\template\catalog\filter_list.tpl on line 39
2014-06-03 17:09:47 - PHP Notice:  Undefined variable: column_status in E:\OpenServer\domains\shop.mtc-elektro.com.ua\admin\view\template\catalog\filter_list.tpl on line 41
2014-06-03 17:09:47 - PHP Notice:  Undefined variable: options in E:\OpenServer\domains\shop.mtc-elektro.com.ua\admin\view\template\catalog\filter_list.tpl on line 46
2014-06-03 17:15:32 - PHP Notice:  Error: Table 'oc_mtc-elektro.oc_filter_group_to_category' doesn't exist<br />Error No: 1146<br />SELECT * FROM `oc_category` c LEFT JOIN `oc_filter_group_to_category` cotc ON (c.category_id = cotc.category_id) LEFT JOIN `oc_category_description` cd ON (cd.category_id = cotc.category_id) WHERE cotc.filter_group_id = '1' AND cd.language_id = '1' in E:\OpenServer\domains\shop.mtc-elektro.com.ua\system\database\mysql.php on line 50
2014-06-03 17:16:01 - PHP Notice:  Error: Table 'oc_mtc-elektro.oc_filter_group_to_category' doesn't exist<br />Error No: 1146<br />SELECT * FROM `oc_category` c LEFT JOIN `oc_filter_group_to_category` cotc ON (c.category_id = cotc.category_id) LEFT JOIN `oc_category_description` cd ON (cd.category_id = cotc.category_id) WHERE cotc.filter_group_id = '1' AND cd.language_id = '1' in E:\OpenServer\domains\shop.mtc-elektro.com.ua\system\database\mysql.php on line 50
2014-06-03 17:18:28 - PHP Notice:  Error: Table 'oc_mtc-elektro.oc_filter_group_to_category' doesn't exist<br />Error No: 1146<br />SELECT * FROM `oc_category` c LEFT JOIN `oc_filter_group_to_category` cotc ON (c.category_id = cotc.category_id) LEFT JOIN `oc_category_description` cd ON (cd.category_id = cotc.category_id) WHERE cotc.filter_group_id = '1' AND cd.language_id = '1' in E:\OpenServer\domains\shop.mtc-elektro.com.ua\system\database\mysql.php on line 50
2014-06-03 17:23:46 - PHP Notice:  Undefined variable: filter_sku in E:\OpenServer\domains\shop.mtc-elektro.com.ua\vqmod\vqcache\vq2-admin_controller_catalog_product.php on line 753
2014-06-03 17:23:46 - PHP Notice:  Undefined variable: filter_manufacturer in E:\OpenServer\domains\shop.mtc-elektro.com.ua\vqmod\vqcache\vq2-admin_controller_catalog_product.php on line 761
2014-06-03 17:24:53 - PHP Notice:  Undefined variable: filter_sku in E:\OpenServer\domains\shop.mtc-elektro.com.ua\vqmod\vqcache\vq2-admin_controller_catalog_product.php on line 753
2014-06-03 17:24:53 - PHP Notice:  Undefined variable: filter_manufacturer in E:\OpenServer\domains\shop.mtc-elektro.com.ua\vqmod\vqcache\vq2-admin_controller_catalog_product.php on line 761
2014-06-03 17:25:33 - PHP Notice:  Undefined variable: filter_sku in E:\OpenServer\domains\shop.mtc-elektro.com.ua\vqmod\vqcache\vq2-admin_controller_catalog_product.php on line 753
2014-06-03 17:25:33 - PHP Notice:  Undefined variable: filter_manufacturer in E:\OpenServer\domains\shop.mtc-elektro.com.ua\vqmod\vqcache\vq2-admin_controller_catalog_product.php on line 761
2014-06-03 17:26:05 - PHP Notice:  Undefined variable: filter_sku in E:\OpenServer\domains\shop.mtc-elektro.com.ua\vqmod\vqcache\vq2-admin_controller_catalog_product.php on line 753
2014-06-03 17:26:05 - PHP Notice:  Undefined variable: filter_manufacturer in E:\OpenServer\domains\shop.mtc-elektro.com.ua\vqmod\vqcache\vq2-admin_controller_catalog_product.php on line 761
2014-06-03 18:35:34 - PHP Notice:  Undefined variable: filter_sku in E:\OpenServer\domains\shop.mtc-elektro.com.ua\vqmod\vqcache\vq2-admin_controller_catalog_product.php on line 753
2014-06-03 18:35:34 - PHP Notice:  Undefined variable: filter_manufacturer in E:\OpenServer\domains\shop.mtc-elektro.com.ua\vqmod\vqcache\vq2-admin_controller_catalog_product.php on line 761
2014-06-03 19:25:45 - PHP Notice:  Undefined variable: an_filters_collapsible_hidden_by_default in E:\OpenServer\domains\shop.mtc-elektro.com.ua\admin\view\template\module\an_filters.tpl on line 83
2014-06-03 19:47:46 - PHP Notice:  Undefined variable: an_filters_collapsible_hidden_by_default in E:\OpenServer\domains\shop.mtc-elektro.com.ua\admin\view\template\module\an_filters.tpl on line 83
2014-06-03 19:58:49 - PHP Notice:  Error: Could not load controller module/an_filters! in E:\OpenServer\domains\shop.mtc-elektro.com.ua\vqmod\vqcache\vq2-system_engine_controller.php on line 47
2014-06-03 19:59:32 - PHP Notice:  Error: Could not load controller module/an_filters! in E:\OpenServer\domains\shop.mtc-elektro.com.ua\vqmod\vqcache\vq2-system_engine_controller.php on line 47
2014-06-03 20:02:59 - PHP Notice:  Undefined variable: product_info in E:\OpenServer\domains\shop.mtc-elektro.com.ua\vqmod\vqcache\vq2-admin_controller_catalog_product.php on line 1112
2014-06-03 22:13:03 - PHP Notice:  Error: Could not load language russian! in E:\MyProg\_www\OpenServer\domains\shop.mtc-elektro.com.ua\vqmod\vqcache\vq2-system_library_language.php on line 39
2014-06-03 22:22:53 - PHP Notice:  Error: Could not load language russian! in E:\MyProg\_www\OpenServer\domains\shop.mtc-elektro.com.ua\vqmod\vqcache\vq2-system_library_language.php on line 39
2014-06-03 22:26:56 - PHP Notice:  Error: Could not load language russian! in E:\MyProg\_www\OpenServer\domains\shop.mtc-elektro.com.ua\vqmod\vqcache\vq2-system_library_language.php on line 39
2014-06-03 22:29:14 - PHP Notice:  Error: Could not load language russian! in E:\MyProg\_www\OpenServer\domains\shop.mtc-elektro.com.ua\vqmod\vqcache\vq2-system_library_language.php on line 39
2014-06-03 22:29:14 - PHP Notice:  Error: Could not load language common/login! in E:\MyProg\_www\OpenServer\domains\shop.mtc-elektro.com.ua\vqmod\vqcache\vq2-system_library_language.php on line 39
2014-06-03 22:29:14 - PHP Notice:  Error: Could not load language common/header! in E:\MyProg\_www\OpenServer\domains\shop.mtc-elektro.com.ua\vqmod\vqcache\vq2-system_library_language.php on line 39
2014-06-03 22:29:14 - PHP Notice:  Error: Could not load template E:\MyProg\_www\OpenServer\domains\shop.mtc-elektro.com.ua/admin/view/template/common/header.tpl! in E:\MyProg\_www\OpenServer\domains\shop.mtc-elektro.com.ua\vqmod\vqcache\vq2-system_engine_controller.php on line 70
2014-06-05 16:12:15 - PHP Notice:  Undefined variable: product_id in E:\MyProg\_www\OpenServer\domains\oc_ocStore-1.5.5.1.2\admin4ik\view\template\catalog\product_form.tpl on line 760
2014-06-05 16:18:13 - PHP Notice:  Undefined variable: product_id in E:\MyProg\_www\OpenServer\domains\oc_ocStore-1.5.5.1.2\admin4ik\view\template\catalog\product_form.tpl on line 178
2014-06-05 16:19:12 - PHP Notice:  Undefined variable: entry_product_id in E:\MyProg\_www\OpenServer\domains\oc_ocStore-1.5.5.1.2\admin4ik\view\template\catalog\product_form.tpl on line 178
2014-06-05 16:34:49 - PHP Notice:  Undefined variable: entry_product_id in E:\MyProg\_www\OpenServer\domains\oc_ocStore-1.5.5.1.2\admin4ik\view\template\catalog\product_form.tpl on line 178
2014-06-05 16:35:13 - PHP Notice:  Undefined variable: entry_product_id in E:\MyProg\_www\OpenServer\domains\oc_ocStore-1.5.5.1.2\admin4ik\view\template\catalog\product_form.tpl on line 178
2014-06-05 16:38:35 - PHP Notice:  Undefined variable: entry_product_id in E:\MyProg\_www\OpenServer\domains\oc_ocStore-1.5.5.1.2\admin4ik\view\template\catalog\product_form.tpl on line 178
2014-06-05 18:44:39 - PHP Notice:  Use of undefined constant model - assumed 'model' in E:\MyProg\_www\OpenServer\domains\oc_ocStore-1.5.5.1.2\admin4ik\view\template\catalog\product_form.tpl on line 179
